0 info it worked if it ends with ok
1 verbose cli [ 'c:\\Program Files\\nodejs\\node.exe',
1 verbose cli   'c:\\Program Files\\nodejs\\node_modules\\npm\\bin\\npm-cli.js',
1 verbose cli   'run',
1 verbose cli   'dev',
1 verbose cli   '--port',
1 verbose cli   '8080',
1 verbose cli   '--hot',
1 verbose cli   '--host',
1 verbose cli   '0.0.0.0' ]
2 info using npm@3.10.10
3 info using node@v6.9.4
4 verbose run-script [ 'predev', 'dev', 'postdev' ]
5 info lifecycle elmarmar_2@1.0.0~predev: elmarmar_2@1.0.0
6 silly lifecycle elmarmar_2@1.0.0~predev: no script for predev, continuing
7 info lifecycle elmarmar_2@1.0.0~dev: elmarmar_2@1.0.0
8 verbose lifecycle elmarmar_2@1.0.0~dev: unsafe-perm in lifecycle true
9 verbose lifecycle elmarmar_2@1.0.0~dev: PATH: c:\Program Files\nodejs\node_modules\npm\bin\node-gyp-bin;e:\Websites\El-marmar-repo\El-marmar_2\node_modules\.bin;c:\Users\Ahmed El-Wakeel\bin;.;C:\Program Files (x86)\Git\local\bin;C:\Program Files (x86)\Git\mingw\bin;C:\Program Files (x86)\Git\bin;C:\Program Files (x86)\Git\bin;c:\Program Files\ImageMagick-7.0.8-Q16;c:\Windows\system32;c:\Windows;c:\Windows\System32\Wbem;c:\Windows\System32\WindowsPowerShell\v1.0\;c:\Program Files (x86)\Skype\Phone\;c:\Program Files\nodejs\;c:\Program Files (x86)\Java\jdk1.6.0_22\bin;c:\Program Files (x86)\Yarn\bin;c:\Ruby24-x64\bin;c:\RailsInstaller\Git\cmd;c:\RailsInstaller\Ruby2.1.0\bin;c:\Program Files (x86)\FreeArc\bin;c:\Users\Ahmed El-Wakeel\AppData\Roaming\npm;c:\Users\Ahmed El-Wakeel\AppData\Local\Yarn\bin;e:\Prog\Heroku\bin
10 verbose lifecycle elmarmar_2@1.0.0~dev: CWD: e:\Websites\El-marmar-repo\El-marmar_2
11 silly lifecycle elmarmar_2@1.0.0~dev: Args: [ '/d /s /c', 'webpack-dev-server "8080" "0.0.0.0"' ]
12 silly lifecycle elmarmar_2@1.0.0~dev: Returned: code: 1  signal: null
13 info lifecycle elmarmar_2@1.0.0~dev: Failed to exec dev script
14 verbose stack Error: elmarmar_2@1.0.0 dev: `webpack-dev-server "8080" "0.0.0.0"`
14 verbose stack Exit status 1
14 verbose stack     at EventEmitter.<anonymous> (c:\Program Files\nodejs\node_modules\npm\lib\utils\lifecycle.js:255:16)
14 verbose stack     at emitTwo (events.js:106:13)
14 verbose stack     at EventEmitter.emit (events.js:191:7)
14 verbose stack     at ChildProcess.<anonymous> (c:\Program Files\nodejs\node_modules\npm\lib\utils\spawn.js:40:14)
14 verbose stack     at emitTwo (events.js:106:13)
14 verbose stack     at ChildProcess.emit (events.js:191:7)
14 verbose stack     at maybeClose (internal/child_process.js:877:16)
14 verbose stack     at Process.ChildProcess._handle.onexit (internal/child_process.js:226:5)
15 verbose pkgid elmarmar_2@1.0.0
16 verbose cwd e:\Websites\El-marmar-repo\El-marmar_2
17 error Windows_NT 6.2.9200
18 error argv "c:\\Program Files\\nodejs\\node.exe" "c:\\Program Files\\nodejs\\node_modules\\npm\\bin\\npm-cli.js" "run" "dev" "--port" "8080" "--hot" "--host" "0.0.0.0"
19 error node v6.9.4
20 error npm  v3.10.10
21 error code ELIFECYCLE
22 error elmarmar_2@1.0.0 dev: `webpack-dev-server "8080" "0.0.0.0"`
22 error Exit status 1
23 error Failed at the elmarmar_2@1.0.0 dev script 'webpack-dev-server "8080" "0.0.0.0"'.
23 error Make sure you have the latest version of node.js and npm installed.
23 error If you do, this is most likely a problem with the elmarmar_2 package,
23 error not with npm itself.
23 error Tell the author that this fails on your system:
23 error     webpack-dev-server "8080" "0.0.0.0"
23 error You can get information on how to open an issue for this project with:
23 error     npm bugs elmarmar_2
23 error Or if that isn't available, you can get their info via:
23 error     npm owner ls elmarmar_2
23 error There is likely additional logging output above.
24 verbose exit [ 1, true ]
